----------------------------------------------------------------------
Application : Exchange 1.0
Path        : C:\Users\Skopas\Documents\Embarcadero\Studio\Projects\test\Win32\Debug\
CPU cores   : 4
OS version  : Windows 11 (Version 23H2, OS Build 22631.3447, 64-bit Edition)
Host        : SKOPASACER
Username    : Skopas
Started     : 21-04-2024 20:50:08 
Debug mode  : On
----------------------------------------------------------------------
21-04-2024 20:50:08  [INFO] Start Programm21.04.2024
21-04-2024 20:50:08  [INFO] Start Programm21.04.2024
21-04-2024 20:50:27  [INFO] exit program
21-04-2024 20:50:27  [INFO] exit program
----------------------------------------------------------------------
Application : Exchange 1.0
Path        : C:\Users\Skopas\Documents\Embarcadero\Studio\Projects\test\Win32\Debug\
CPU cores   : 4
OS version  : Windows 11 (Version 23H2, OS Build 22631.3447, 64-bit Edition)
Host        : SKOPASACER
Username    : Skopas
Started     : 21-04-2024 20:50:40 
Debug mode  : On
----------------------------------------------------------------------
21-04-2024 20:50:40  [INFO] Start Programm21.04.2024
21-04-2024 20:50:40  [INFO] Start Programm21.04.2024
21-04-2024 20:50:51  [INFO] exit program
21-04-2024 20:50:51  [INFO] exit program
----------------------------------------------------------------------
Application : Exchange 1.0
Path        : C:\Users\Skopas\Documents\Embarcadero\Studio\Projects\test\Win32\Debug\
CPU cores   : 4
OS version  : Windows 11 (Version 23H2, OS Build 22631.3447, 64-bit Edition)
Host        : SKOPASACER
Username    : Skopas
Started     : 21-04-2024 20:51:25 
Debug mode  : On
----------------------------------------------------------------------
21-04-2024 20:51:25  [INFO] Start Programm21.04.2024
21-04-2024 20:51:25  [INFO] Start Programm21.04.2024
21-04-2024 20:51:33  [INFO] exit program
21-04-2024 20:51:33  [INFO] exit program
----------------------------------------------------------------------
Application : Exchange 1.0
Path        : C:\Users\Skopas\Documents\Embarcadero\Studio\Projects\test\Win32\Debug\
CPU cores   : 4
OS version  : Windows 11 (Version 23H2, OS Build 22631.3447, 64-bit Edition)
Host        : SKOPASACER
Username    : Skopas
Started     : 21-04-2024 20:55:00 
Debug mode  : On
----------------------------------------------------------------------
21-04-2024 20:55:00  [INFO] Start Programm21.04.2024
21-04-2024 20:55:00  [INFO] Start Programm21.04.2024
21-04-2024 20:55:05  [INFO] exit program
21-04-2024 20:55:05  [INFO] exit program
----------------------------------------------------------------------
Application : Exchange 1.0
Path        : C:\Users\Skopas\Documents\Embarcadero\Studio\Projects\test\Win32\Debug\
CPU cores   : 4
OS version  : Windows 11 (Version 23H2, OS Build 22631.3447, 64-bit Edition)
Host        : SKOPASACER
Username    : Skopas
Started     : 21-04-2024 21:00:31 
Debug mode  : On
----------------------------------------------------------------------
21-04-2024 21:00:31  [INFO] Start Programm21.04.2024
21-04-2024 21:00:31  [INFO] Start Programm21.04.2024
21-04-2024 21:00:58  [INFO] exit program
21-04-2024 21:00:58  [INFO] exit program
----------------------------------------------------------------------
Application : Exchange 1.0
Path        : C:\Users\Skopas\Documents\Embarcadero\Studio\Projects\test\Win32\Debug\
CPU cores   : 4
OS version  : Windows 11 (Version 23H2, OS Build 22631.3447, 64-bit Edition)
Host        : SKOPASACER
Username    : Skopas
Started     : 21-04-2024 21:02:20 
Debug mode  : On
----------------------------------------------------------------------
21-04-2024 21:02:20  [INFO] Start Programm21.04.2024
21-04-2024 21:02:20  [INFO] Start Programm21.04.2024
21-04-2024 21:02:48  [INFO] exit program
21-04-2024 21:02:48  [INFO] exit program
----------------------------------------------------------------------
Application : Exchange 1.0
Path        : C:\Users\Skopas\Documents\Embarcadero\Studio\Projects\test\Win32\Debug\
CPU cores   : 4
OS version  : Windows 11 (Version 23H2, OS Build 22631.3447, 64-bit Edition)
Host        : SKOPASACER
Username    : Skopas
Started     : 21-04-2024 21:06:02 
Debug mode  : On
----------------------------------------------------------------------
21-04-2024 21:06:02  [INFO] Start Programm21.04.2024
21-04-2024 21:06:02  [INFO] Start Programm21.04.2024
21-04-2024 21:06:10  [INFO] exit program
21-04-2024 21:06:10  [INFO] exit program
----------------------------------------------------------------------
Application : Exchange 1.0
Path        : C:\Users\Skopas\Documents\Embarcadero\Studio\Projects\test\Win32\Debug\
CPU cores   : 4
OS version  : Windows 11 (Version 23H2, OS Build 22631.3447, 64-bit Edition)
Host        : SKOPASACER
Username    : Skopas
Started     : 21-04-2024 21:06:34 
Debug mode  : On
----------------------------------------------------------------------
21-04-2024 21:06:34  [INFO] Start Programm21.04.2024
21-04-2024 21:06:34  [INFO] Start Programm21.04.2024
21-04-2024 21:06:53  [INFO] exit program
21-04-2024 21:06:53  [INFO] exit program
----------------------------------------------------------------------
Application : Exchange 1.0
Path        : C:\Users\Skopas\Documents\Embarcadero\Studio\Projects\test\Win32\Debug\
CPU cores   : 4
OS version  : Windows 11 (Version 23H2, OS Build 22631.3447, 64-bit Edition)
Host        : SKOPASACER
Username    : Skopas
Started     : 21-04-2024 21:12:09 
Debug mode  : On
----------------------------------------------------------------------
21-04-2024 21:12:09  [INFO] Start Programm21.04.2024
21-04-2024 21:12:09  [INFO] Start Programm21.04.2024
21-04-2024 21:12:14  [INFO] exit program
21-04-2024 21:12:14  [INFO] exit program
----------------------------------------------------------------------
Application : Exchange 1.0
Path        : C:\Users\Skopas\Documents\Embarcadero\Studio\Projects\test\Win32\Debug\
CPU cores   : 4
OS version  : Windows 11 (Version 23H2, OS Build 22631.3447, 64-bit Edition)
Host        : SKOPASACER
Username    : Skopas
Started     : 21-04-2024 22:34:47 
Debug mode  : On
----------------------------------------------------------------------
21-04-2024 22:34:47  [INFO] Start Programm21.04.2024
21-04-2024 22:34:47  [INFO] Start Programm21.04.2024
21-04-2024 22:34:57  [INFO] exit program
21-04-2024 22:34:57  [INFO] exit program
----------------------------------------------------------------------
Application : Exchange 1.0
Path        : C:\Users\Skopas\Documents\Embarcadero\Studio\Projects\test\Win32\Debug\
CPU cores   : 4
OS version  : Windows 11 (Version 23H2, OS Build 22631.3447, 64-bit Edition)
Host        : SKOPASACER
Username    : Skopas
Started     : 21-04-2024 22:37:55 
Debug mode  : On
----------------------------------------------------------------------
21-04-2024 22:37:55  [INFO] Start Programm21.04.2024
21-04-2024 22:37:55  [INFO] Start Programm21.04.2024
21-04-2024 22:38:19  [INFO] exit program
21-04-2024 22:38:19  [INFO] exit program
