----------------------------------------------------------------------
Application : Exchange 1.0
Path        : C:\Users\Skopas\Documents\Embarcadero\Studio\Projects\test\Win32\Debug\
CPU cores   : 4
OS version  : Windows 11 (Version 23H2, OS Build 22631.3447, 64-bit Edition)
Host        : SKOPASACER
Username    : Skopas
Started     : 21-04-2024 17:31:21 
Debug mode  : On
----------------------------------------------------------------------
21-04-2024 17:31:21  [INFO] Start Programm21.04.2024
----------------------------------------------------------------------
Application : Exchange 1.0
Path        : C:\Users\Skopas\Documents\Embarcadero\Studio\Projects\test\Win32\Debug\
CPU cores   : 4
OS version  : Windows 11 (Version 23H2, OS Build 22631.3447, 64-bit Edition)
Host        : SKOPASACER
Username    : Skopas
Started     : 21-04-2024 17:31:50 
Debug mode  : On
----------------------------------------------------------------------
21-04-2024 17:31:50  [INFO] Start Programm21.04.2024
----------------------------------------------------------------------
Application : Exchange 1.0
Path        : C:\Users\Skopas\Documents\Embarcadero\Studio\Projects\test\Win32\Debug\
CPU cores   : 4
OS version  : Windows 11 (Version 23H2, OS Build 22631.3447, 64-bit Edition)
Host        : SKOPASACER
Username    : Skopas
Started     : 21-04-2024 17:36:01 
Debug mode  : On
----------------------------------------------------------------------
21-04-2024 17:36:01  [INFO] Start Programm21.04.2024
21-04-2024 17:36:01  [INFO] alskdfhalskdhf
----------------------------------------------------------------------
Application : Exchange 1.0
Path        : C:\Users\Skopas\Documents\Embarcadero\Studio\Projects\test\Win32\Debug\
CPU cores   : 4
OS version  : Windows 11 (Version 23H2, OS Build 22631.3447, 64-bit Edition)
Host        : SKOPASACER
Username    : Skopas
Started     : 21-04-2024 17:58:25 
Debug mode  : On
----------------------------------------------------------------------
21-04-2024 17:58:25  [INFO] Start Programm21.04.2024
21-04-2024 17:58:41  [WARN] 'sdfg' is not a valid floating point value
----------------------------------------------------------------------
Application : Exchange 1.0
Path        : C:\Users\Skopas\Documents\Embarcadero\Studio\Projects\test\Win32\Debug\
CPU cores   : 4
OS version  : Windows 11 (Version 23H2, OS Build 22631.3447, 64-bit Edition)
Host        : SKOPASACER
Username    : Skopas
Started     : 21-04-2024 18:04:04 
Debug mode  : On
----------------------------------------------------------------------
21-04-2024 18:04:04  [INFO] Start Programm21.04.2024
21-04-2024 18:04:18  [INFO] exit program
----------------------------------------------------------------------
Application : Exchange 1.0
Path        : C:\Users\Skopas\Documents\Embarcadero\Studio\Projects\test\Win32\Debug\
CPU cores   : 4
OS version  : Windows 11 (Version 23H2, OS Build 22631.3447, 64-bit Edition)
Host        : SKOPASACER
Username    : Skopas
Started     : 21-04-2024 18:04:49 
Debug mode  : On
----------------------------------------------------------------------
21-04-2024 18:04:49  [INFO] Start Programm21.04.2024
----------------------------------------------------------------------
Application : Exchange 1.0
Path        : C:\Users\Skopas\Documents\Embarcadero\Studio\Projects\test\Win32\Debug\
CPU cores   : 4
OS version  : Windows 11 (Version 23H2, OS Build 22631.3447, 64-bit Edition)
Host        : SKOPASACER
Username    : Skopas
Started     : 21-04-2024 18:12:00 
Debug mode  : On
----------------------------------------------------------------------
21-04-2024 18:12:00  [INFO] Start Programm21.04.2024
21-04-2024 18:12:12  [INFO] exit program
----------------------------------------------------------------------
Application : Exchange 1.0
Path        : C:\Users\Skopas\Documents\Embarcadero\Studio\Projects\test\Win32\Debug\
CPU cores   : 4
OS version  : Windows 11 (Version 23H2, OS Build 22631.3447, 64-bit Edition)
Host        : SKOPASACER
Username    : Skopas
Started     : 21-04-2024 18:13:12 
Debug mode  : On
----------------------------------------------------------------------
21-04-2024 18:13:12  [INFO] Start Programm21.04.2024
21-04-2024 18:13:16  [INFO] exit program
----------------------------------------------------------------------
Application : Exchange 1.0
Path        : C:\Users\Skopas\Documents\Embarcadero\Studio\Projects\test\Win32\Debug\
CPU cores   : 4
OS version  : Windows 11 (Version 23H2, OS Build 22631.3447, 64-bit Edition)
Host        : SKOPASACER
Username    : Skopas
Started     : 21-04-2024 18:13:53 
Debug mode  : On
----------------------------------------------------------------------
21-04-2024 18:13:53  [INFO] Start Programm21.04.2024
21-04-2024 18:13:59  [INFO] exit program
----------------------------------------------------------------------
Application : Exchange 1.0
Path        : C:\Users\Skopas\Documents\Embarcadero\Studio\Projects\test\Win32\Debug\
CPU cores   : 4
OS version  : Windows 11 (Version 23H2, OS Build 22631.3447, 64-bit Edition)
Host        : SKOPASACER
Username    : Skopas
Started     : 21-04-2024 18:14:55 
Debug mode  : On
----------------------------------------------------------------------
21-04-2024 18:14:55  [INFO] Start Programm21.04.2024
21-04-2024 18:15:05  [INFO] exit program
----------------------------------------------------------------------
Application : Exchange 1.0
Path        : C:\Users\Skopas\Documents\Embarcadero\Studio\Projects\test\Win32\Debug\
CPU cores   : 4
OS version  : Windows 11 (Version 23H2, OS Build 22631.3447, 64-bit Edition)
Host        : SKOPASACER
Username    : Skopas
Started     : 21-04-2024 18:15:24 
Debug mode  : On
----------------------------------------------------------------------
21-04-2024 18:15:24  [INFO] Start Programm21.04.2024
21-04-2024 18:15:36  [WARN] 's' is not a valid floating point value
21-04-2024 18:15:37  [INFO] exit program
----------------------------------------------------------------------
Application : Exchange 1.0
Path        : C:\Users\Skopas\Documents\Embarcadero\Studio\Projects\test\Win32\Debug\
CPU cores   : 4
OS version  : Windows 11 (Version 23H2, OS Build 22631.3447, 64-bit Edition)
Host        : SKOPASACER
Username    : Skopas
Started     : 21-04-2024 18:15:45 
Debug mode  : On
----------------------------------------------------------------------
21-04-2024 18:15:45  [INFO] Start Programm21.04.2024
21-04-2024 18:15:48  [INFO] exit program
----------------------------------------------------------------------
Application : Exchange 1.0
Path        : C:\Users\Skopas\Documents\Embarcadero\Studio\Projects\test\Win32\Debug\
CPU cores   : 4
OS version  : Windows 11 (Version 23H2, OS Build 22631.3447, 64-bit Edition)
Host        : SKOPASACER
Username    : Skopas
Started     : 21-04-2024 18:19:07 
Debug mode  : On
----------------------------------------------------------------------
21-04-2024 18:19:07  [INFO] Start Programm21.04.2024
----------------------------------------------------------------------
Application : Exchange 1.0
Path        : C:\Users\Skopas\Documents\Embarcadero\Studio\Projects\test\Win32\Debug\
CPU cores   : 4
OS version  : Windows 11 (Version 23H2, OS Build 22631.3447, 64-bit Edition)
Host        : SKOPASACER
Username    : Skopas
Started     : 21-04-2024 18:26:17 
Debug mode  : On
----------------------------------------------------------------------
21-04-2024 18:26:17  [INFO] Start Programm21.04.2024
21-04-2024 18:26:39  [WARN] Transaction rolled back due to error.
21-04-2024 18:26:41  [INFO] exit program
----------------------------------------------------------------------
Application : Exchange 1.0
Path        : C:\Users\Skopas\Documents\Embarcadero\Studio\Projects\test\Win32\Debug\
CPU cores   : 4
OS version  : Windows 11 (Version 23H2, OS Build 22631.3447, 64-bit Edition)
Host        : SKOPASACER
Username    : Skopas
Started     : 21-04-2024 18:27:36 
Debug mode  : On
----------------------------------------------------------------------
21-04-2024 18:27:36  [INFO] Start Programm21.04.2024
21-04-2024 18:27:46  [INFO] exit program
----------------------------------------------------------------------
Application : Exchange 1.0
Path        : C:\Users\Skopas\Documents\Embarcadero\Studio\Projects\test\Win32\Debug\
CPU cores   : 4
OS version  : Windows 11 (Version 23H2, OS Build 22631.3447, 64-bit Edition)
Host        : SKOPASACER
Username    : Skopas
Started     : 21-04-2024 18:30:11 
Debug mode  : On
----------------------------------------------------------------------
21-04-2024 18:30:11  [INFO] Start Programm21.04.2024
21-04-2024 18:30:41  [INFO] exit program
----------------------------------------------------------------------
Application : Exchange 1.0
Path        : C:\Users\Skopas\Documents\Embarcadero\Studio\Projects\test\Win32\Debug\
CPU cores   : 4
OS version  : Windows 11 (Version 23H2, OS Build 22631.3447, 64-bit Edition)
Host        : SKOPASACER
Username    : Skopas
Started     : 21-04-2024 18:37:36 
Debug mode  : On
----------------------------------------------------------------------
21-04-2024 18:37:36  [INFO] Start Programm21.04.2024
21-04-2024 18:38:52  [INFO] exit program
----------------------------------------------------------------------
Application : Exchange 1.0
Path        : C:\Users\Skopas\Documents\Embarcadero\Studio\Projects\test\Win32\Debug\
CPU cores   : 4
OS version  : Windows 11 (Version 23H2, OS Build 22631.3447, 64-bit Edition)
Host        : SKOPASACER
Username    : Skopas
Started     : 21-04-2024 18:45:48 
Debug mode  : On
----------------------------------------------------------------------
21-04-2024 18:45:48  [INFO] Start Programm21.04.2024
21-04-2024 18:46:25  [INFO] exit program
----------------------------------------------------------------------
Application : Exchange 1.0
Path        : C:\Users\Skopas\Documents\Embarcadero\Studio\Projects\test\Win32\Debug\
CPU cores   : 4
OS version  : Windows 11 (Version 23H2, OS Build 22631.3447, 64-bit Edition)
Host        : SKOPASACER
Username    : Skopas
Started     : 21-04-2024 18:47:52 
Debug mode  : On
----------------------------------------------------------------------
21-04-2024 18:47:52  [INFO] Start Programm21.04.2024
21-04-2024 18:48:06  [INFO] exit program
----------------------------------------------------------------------
Application : Exchange 1.0
Path        : C:\Users\Skopas\Documents\Embarcadero\Studio\Projects\test\Win32\Debug\
CPU cores   : 4
OS version  : Windows 11 (Version 23H2, OS Build 22631.3447, 64-bit Edition)
Host        : SKOPASACER
Username    : Skopas
Started     : 21-04-2024 18:48:27 
Debug mode  : On
----------------------------------------------------------------------
21-04-2024 18:48:27  [INFO] Start Programm21.04.2024
21-04-2024 18:48:32  [INFO] exit program
----------------------------------------------------------------------
Application : Exchange 1.0
Path        : C:\Users\Skopas\Documents\Embarcadero\Studio\Projects\test\Win32\Debug\
CPU cores   : 4
OS version  : Windows 11 (Version 23H2, OS Build 22631.3447, 64-bit Edition)
Host        : SKOPASACER
Username    : Skopas
Started     : 21-04-2024 18:49:41 
Debug mode  : On
----------------------------------------------------------------------
21-04-2024 18:49:41  [INFO] Start Programm21.04.2024
21-04-2024 18:49:47  [INFO] exit program
----------------------------------------------------------------------
Application : Exchange 1.0
Path        : C:\Users\Skopas\Documents\Embarcadero\Studio\Projects\test\Win32\Debug\
CPU cores   : 4
OS version  : Windows 11 (Version 23H2, OS Build 22631.3447, 64-bit Edition)
Host        : SKOPASACER
Username    : Skopas
Started     : 21-04-2024 18:50:01 
Debug mode  : On
----------------------------------------------------------------------
21-04-2024 18:50:01  [INFO] Start Programm21.04.2024
21-04-2024 18:50:06  [INFO] exit program
----------------------------------------------------------------------
Application : Exchange 1.0
Path        : C:\Users\Skopas\Documents\Embarcadero\Studio\Projects\test\Win32\Debug\
CPU cores   : 4
OS version  : Windows 11 (Version 23H2, OS Build 22631.3447, 64-bit Edition)
Host        : SKOPASACER
Username    : Skopas
Started     : 21-04-2024 18:50:27 
Debug mode  : On
----------------------------------------------------------------------
21-04-2024 18:50:27  [INFO] Start Programm21.04.2024
21-04-2024 18:50:39  [INFO] exit program
----------------------------------------------------------------------
Application : Exchange 1.0
Path        : C:\Users\Skopas\Documents\Embarcadero\Studio\Projects\test\Win32\Debug\
CPU cores   : 4
OS version  : Windows 11 (Version 23H2, OS Build 22631.3447, 64-bit Edition)
Host        : SKOPASACER
Username    : Skopas
Started     : 21-04-2024 18:50:52 
Debug mode  : On
----------------------------------------------------------------------
21-04-2024 18:50:52  [INFO] Start Programm21.04.2024
21-04-2024 18:51:02  [INFO] exit program
