----------------------------------------------------------------------
Application : Exchange 1.0
Path        : C:\Users\Skopas\Documents\Embarcadero\Studio\Projects\test\Win32\Release\
CPU cores   : 4
OS version  : Windows 11 (Version 23H2, OS Build 22631.3447, 64-bit Edition)
Host        : SKOPASACER
Username    : Skopas
Started     : 21-04-2024 22:38:38 
----------------------------------------------------------------------
21-04-2024 22:38:38  [INFO] Start Programm21.04.2024
21-04-2024 22:38:38  [INFO] Start Programm21.04.2024
21-04-2024 22:38:45  [INFO] exit program
21-04-2024 22:38:45  [INFO] exit program
----------------------------------------------------------------------
Application : Exchange 1.0
Path        : C:\Users\Skopas\Documents\Embarcadero\Studio\Projects\test\Win32\Release\
CPU cores   : 4
OS version  : Windows 11 (Version 23H2, OS Build 22631.3447, 64-bit Edition)
Host        : SKOPASACER
Username    : Skopas
Started     : 21-04-2024 23:23:10 
----------------------------------------------------------------------
21-04-2024 23:23:10  [INFO] Start Programm21.04.2024
21-04-2024 23:23:10  [INFO] Start Programm21.04.2024
21-04-2024 23:23:13  [INFO] exit program
21-04-2024 23:23:13  [INFO] exit program
----------------------------------------------------------------------
Application : Exchange 1.0
Path        : C:\Users\Skopas\Documents\Embarcadero\Studio\Projects\test\Win32\Release\
CPU cores   : 4
OS version  : Windows 11 (Version 23H2, OS Build 22631.3447, 64-bit Edition)
Host        : SKOPASACER
Username    : Skopas
Started     : 22-04-2024 00:37:40 
----------------------------------------------------------------------
22-04-2024 00:37:40  [INFO] Start Programm22.04.2024
22-04-2024 00:37:40  [INFO] Start Programm22.04.2024
22-04-2024 00:37:43  [INFO] exit program
22-04-2024 00:37:43  [INFO] exit program
